<?xml version="1.0" encoding="UTF-8"?>
<testng-results ignored="0" total="4" passed="2" failed="2" skipped="0">
  <reporter-output>
  </reporter-output>
  <suite started-at="2024-01-11T22:14:49 IST" name="Default suite" finished-at="2024-01-11T22:15:05 IST" duration-ms="15942">
    <groups>
    </groups>
    <test started-at="2024-01-11T22:14:49 IST" name="Default test" finished-at="2024-01-11T22:15:05 IST" duration-ms="15942">
      <class name="webElement.textbox.ToRegisterUserAndLoginTest0">
        <test-method is-config="true" signature="bs()[pri:0, instance:webElement.textbox.ToRegisterUserAndLoginTest0@69e153c5]" started-at="2024-01-11T22:14:49 IST" name="bs" finished-at="2024-01-11T22:14:49 IST" duration-ms="32" status="PASS">
          <reporter-output>
          </reporter-output>
        </test-method> <!-- bs -->
        <test-method is-config="true" signature="bt()[pri:0, instance:webElement.textbox.ToRegisterUserAndLoginTest0@69e153c5]" started-at="2024-01-11T22:14:49 IST" name="bt" finished-at="2024-01-11T22:14:49 IST" duration-ms="0" status="PASS">
          <reporter-output>
          </reporter-output>
        </test-method> <!-- bt -->
        <test-method is-config="true" signature="bc()[pri:0, instance:webElement.textbox.ToRegisterUserAndLoginTest0@69e153c5]" started-at="2024-01-11T22:14:50 IST" name="bc" finished-at="2024-01-11T22:14:59 IST" duration-ms="9781" status="PASS">
          <reporter-output>
          </reporter-output>
        </test-method> <!-- bc -->
        <test-method is-config="true" signature="bm()[pri:0, instance:webElement.textbox.ToRegisterUserAndLoginTest0@69e153c5]" started-at="2024-01-11T22:14:59 IST" name="bm" finished-at="2024-01-11T22:14:59 IST" duration-ms="1" status="PASS">
          <reporter-output>
          </reporter-output>
        </test-method> <!-- bm -->
        <test-method signature="test1()[pri:0, instance:webElement.textbox.ToRegisterUserAndLoginTest0@69e153c5]" started-at="2024-01-11T22:14:59 IST" name="test1" finished-at="2024-01-11T22:14:59 IST" duration-ms="13" status="PASS">
          <reporter-output>
          </reporter-output>
        </test-method> <!-- test1 -->
        <test-method is-config="true" signature="am()[pri:0, instance:webElement.textbox.ToRegisterUserAndLoginTest0@69e153c5]" started-at="2024-01-11T22:14:59 IST" name="am" finished-at="2024-01-11T22:14:59 IST" duration-ms="2" status="PASS">
          <reporter-output>
          </reporter-output>
        </test-method> <!-- am -->
        <test-method is-config="true" signature="bm()[pri:0, instance:webElement.textbox.ToRegisterUserAndLoginTest0@69e153c5]" started-at="2024-01-11T22:14:59 IST" name="bm" finished-at="2024-01-11T22:14:59 IST" duration-ms="2" status="PASS">
          <reporter-output>
          </reporter-output>
        </test-method> <!-- bm -->
        <test-method signature="test2()[pri:0, instance:webElement.textbox.ToRegisterUserAndLoginTest0@69e153c5]" started-at="2024-01-11T22:14:59 IST" name="test2" finished-at="2024-01-11T22:14:59 IST" duration-ms="8" status="PASS">
          <reporter-output>
          </reporter-output>
        </test-method> <!-- test2 -->
        <test-method is-config="true" signature="am()[pri:0, instance:webElement.textbox.ToRegisterUserAndLoginTest0@69e153c5]" started-at="2024-01-11T22:14:59 IST" name="am" finished-at="2024-01-11T22:14:59 IST" duration-ms="1" status="PASS">
          <reporter-output>
          </reporter-output>
        </test-method> <!-- am -->
        <test-method is-config="true" signature="bm()[pri:0, instance:webElement.textbox.ToRegisterUserAndLoginTest0@69e153c5]" started-at="2024-01-11T22:14:59 IST" name="bm" finished-at="2024-01-11T22:14:59 IST" duration-ms="0" status="PASS">
          <reporter-output>
          </reporter-output>
        </test-method> <!-- bm -->
        <test-method signature="toRegisterUser()[pri:1, instance:webElement.textbox.ToRegisterUserAndLoginTest0@69e153c5]" started-at="2024-01-11T22:14:59 IST" name="toRegisterUser" finished-at="2024-01-11T22:15:05 IST" duration-ms="5319" status="FAIL">
          <exception class="java.lang.AssertionError">
            <message>
              <![CDATA[expected [true] but found [false]]]>
            </message>
            <full-stacktrace>
              <![CDATA[java.lang.AssertionError: expected [true] but found [false]
at org.testng.Assert.fail(Assert.java:111)
at org.testng.Assert.failNotEquals(Assert.java:1578)
at org.testng.Assert.assertTrue(Assert.java:57)
at org.testng.Assert.assertTrue(Assert.java:67)
at webElement.textbox.ToRegisterUserAndLoginTest0.toRegisterUser(ToRegisterUserAndLoginTest0.java:25)
at java.base/jdk.internal.reflect.NativeMethodAccessorImpl.invoke0(Native Method)
at java.base/jdk.internal.reflect.NativeMethodAccessorImpl.invoke(NativeMethodAccessorImpl.java:77)
at java.base/jdk.internal.reflect.DelegatingMethodAccessorImpl.invoke(DelegatingMethodAccessorImpl.java:43)
at java.base/java.lang.reflect.Method.invoke(Method.java:568)
at org.testng.internal.invokers.MethodInvocationHelper.invokeMethod(MethodInvocationHelper.java:139)
at org.testng.internal.invokers.TestInvoker.invokeMethod(TestInvoker.java:664)
at org.testng.internal.invokers.TestInvoker.invokeTestMethod(TestInvoker.java:228)
at org.testng.internal.invokers.MethodRunner.runInSequence(MethodRunner.java:63)
at org.testng.internal.invokers.TestInvoker$MethodInvocationAgent.invoke(TestInvoker.java:961)
at org.testng.internal.invokers.TestInvoker.invokeTestMethods(TestInvoker.java:201)
at org.testng.internal.invokers.TestMethodWorker.invokeTestMethods(TestMethodWorker.java:148)
at org.testng.internal.invokers.TestMethodWorker.run(TestMethodWorker.java:128)
at java.base/java.util.ArrayList.forEach(ArrayList.java:1511)
at org.testng.TestRunner.privateRun(TestRunner.java:819)
at org.testng.TestRunner.run(TestRunner.java:619)
at org.testng.SuiteRunner.runTest(SuiteRunner.java:443)
at org.testng.SuiteRunner.runSequentially(SuiteRunner.java:437)
at org.testng.SuiteRunner.privateRun(SuiteRunner.java:397)
at org.testng.SuiteRunner.run(SuiteRunner.java:336)
at org.testng.SuiteRunnerWorker.runSuite(SuiteRunnerWorker.java:52)
at org.testng.SuiteRunnerWorker.run(SuiteRunnerWorker.java:95)
at org.testng.TestNG.runSuitesSequentially(TestNG.java:1301)
at org.testng.TestNG.runSuitesLocally(TestNG.java:1228)
at org.testng.TestNG.runSuites(TestNG.java:1134)
at org.testng.TestNG.run(TestNG.java:1101)
at org.testng.remote.AbstractRemoteTestNG.run(AbstractRemoteTestNG.java:115)
at org.testng.remote.RemoteTestNG.initAndRun(RemoteTestNG.java:251)
at org.testng.remote.RemoteTestNG.main(RemoteTestNG.java:77)
]]>
            </full-stacktrace>
          </exception> <!-- java.lang.AssertionError -->
          <reporter-output>
          </reporter-output>
        </test-method> <!-- toRegisterUser -->
        <test-method is-config="true" signature="am()[pri:0, instance:webElement.textbox.ToRegisterUserAndLoginTest0@69e153c5]" started-at="2024-01-11T22:15:05 IST" name="am" finished-at="2024-01-11T22:15:05 IST" duration-ms="0" status="PASS">
          <reporter-output>
          </reporter-output>
        </test-method> <!-- am -->
        <test-method is-config="true" signature="bm()[pri:0, instance:webElement.textbox.ToRegisterUserAndLoginTest0@69e153c5]" started-at="2024-01-11T22:15:05 IST" name="bm" finished-at="2024-01-11T22:15:05 IST" duration-ms="1" status="PASS">
          <reporter-output>
          </reporter-output>
        </test-method> <!-- bm -->
        <test-method signature="loginUser()[pri:2, instance:webElement.textbox.ToRegisterUserAndLoginTest0@69e153c5]" started-at="2024-01-11T22:15:05 IST" name="loginUser" finished-at="2024-01-11T22:15:05 IST" duration-ms="666" status="FAIL">
          <exception class="java.lang.AssertionError">
            <message>
              <![CDATA[expected [true] but found [false]]]>
            </message>
            <full-stacktrace>
              <![CDATA[java.lang.AssertionError: expected [true] but found [false]
at org.testng.Assert.fail(Assert.java:111)
at org.testng.Assert.failNotEquals(Assert.java:1578)
at org.testng.Assert.assertTrue(Assert.java:57)
at org.testng.Assert.assertTrue(Assert.java:67)
at webElement.textbox.ToRegisterUserAndLoginTest0.loginUser(ToRegisterUserAndLoginTest0.java:38)
at java.base/jdk.internal.reflect.NativeMethodAccessorImpl.invoke0(Native Method)
at java.base/jdk.internal.reflect.NativeMethodAccessorImpl.invoke(NativeMethodAccessorImpl.java:77)
at java.base/jdk.internal.reflect.DelegatingMethodAccessorImpl.invoke(DelegatingMethodAccessorImpl.java:43)
at java.base/java.lang.reflect.Method.invoke(Method.java:568)
at org.testng.internal.invokers.MethodInvocationHelper.invokeMethod(MethodInvocationHelper.java:139)
at org.testng.internal.invokers.TestInvoker.invokeMethod(TestInvoker.java:664)
at org.testng.internal.invokers.TestInvoker.invokeTestMethod(TestInvoker.java:228)
at org.testng.internal.invokers.MethodRunner.runInSequence(MethodRunner.java:63)
at org.testng.internal.invokers.TestInvoker$MethodInvocationAgent.invoke(TestInvoker.java:961)
at org.testng.internal.invokers.TestInvoker.invokeTestMethods(TestInvoker.java:201)
at org.testng.internal.invokers.TestMethodWorker.invokeTestMethods(TestMethodWorker.java:148)
at org.testng.internal.invokers.TestMethodWorker.run(TestMethodWorker.java:128)
at java.base/java.util.ArrayList.forEach(ArrayList.java:1511)
at org.testng.TestRunner.privateRun(TestRunner.java:819)
at org.testng.TestRunner.run(TestRunner.java:619)
at org.testng.SuiteRunner.runTest(SuiteRunner.java:443)
at org.testng.SuiteRunner.runSequentially(SuiteRunner.java:437)
at org.testng.SuiteRunner.privateRun(SuiteRunner.java:397)
at org.testng.SuiteRunner.run(SuiteRunner.java:336)
at org.testng.SuiteRunnerWorker.runSuite(SuiteRunnerWorker.java:52)
at org.testng.SuiteRunnerWorker.run(SuiteRunnerWorker.java:95)
at org.testng.TestNG.runSuitesSequentially(TestNG.java:1301)
at org.testng.TestNG.runSuitesLocally(TestNG.java:1228)
at org.testng.TestNG.runSuites(TestNG.java:1134)
at org.testng.TestNG.run(TestNG.java:1101)
at org.testng.remote.AbstractRemoteTestNG.run(AbstractRemoteTestNG.java:115)
at org.testng.remote.RemoteTestNG.initAndRun(RemoteTestNG.java:251)
at org.testng.remote.RemoteTestNG.main(RemoteTestNG.java:77)
]]>
            </full-stacktrace>
          </exception> <!-- java.lang.AssertionError -->
          <reporter-output>
          </reporter-output>
        </test-method> <!-- loginUser -->
        <test-method is-config="true" signature="am()[pri:0, instance:webElement.textbox.ToRegisterUserAndLoginTest0@69e153c5]" started-at="2024-01-11T22:15:05 IST" name="am" finished-at="2024-01-11T22:15:05 IST" duration-ms="1" status="PASS">
          <reporter-output>
          </reporter-output>
        </test-method> <!-- am -->
        <test-method is-config="true" signature="ac()[pri:0, instance:webElement.textbox.ToRegisterUserAndLoginTest0@69e153c5]" started-at="2024-01-11T22:15:05 IST" name="ac" finished-at="2024-01-11T22:15:05 IST" duration-ms="0" status="PASS">
          <reporter-output>
          </reporter-output>
        </test-method> <!-- ac -->
        <test-method is-config="true" signature="at()[pri:0, instance:webElement.textbox.ToRegisterUserAndLoginTest0@69e153c5]" started-at="2024-01-11T22:15:05 IST" name="at" finished-at="2024-01-11T22:15:05 IST" duration-ms="1" status="PASS">
          <reporter-output>
          </reporter-output>
        </test-method> <!-- at -->
        <test-method is-config="true" signature="as()[pri:0, instance:webElement.textbox.ToRegisterUserAndLoginTest0@69e153c5]" started-at="2024-01-11T22:15:06 IST" name="as" finished-at="2024-01-11T22:15:06 IST" duration-ms="1" status="PASS">
          <reporter-output>
          </reporter-output>
        </test-method> <!-- as -->
      </class> <!-- webElement.textbox.ToRegisterUserAndLoginTest0 -->
    </test> <!-- Default test -->
  </suite> <!-- Default suite -->
</testng-results>
